2025-10-25 13:25:45.596 I GCd.exe[33140] main.cpp:43 main | Version : 4.2.0.3
2025-10-25 13:25:45.596 I GCd.exe[33140] main.cpp:44 main | v : Version check
2025-10-25 13:25:45.599 E GCd.exe[33140] main.cpp:50 main | 4.2.0.3 - Aug 12 2024 : 13:47:56
2025-10-25 13:26:12.504 I GCd.exe[33140] DMServer.cpp:150 RunSocket | Connected IP : 10.82.104.100
2025-10-25 13:26:12.508 I GCd.exe[33140] DMServer.cpp:153 RunSocket | Local IP Address : 10.82.104.100
2025-10-25 13:26:12.508 I GCd.exe[33140] DMServer.cpp:156 RunSocket | accept socket 348
2025-10-25 13:26:17.715 D GCd.exe[33140] GCd.cpp:648 ProcMessage | {
    "Section1": "Daemon",
    "Section2": "Information",
    "Section3": "Version",
    "SendState": "request",
    "From": "4DDM",
    "To": "GCd",
    "Token": "1025_13261771450_l2a",
    "Action": "set",
    "DMPDIP": "10.82.104.100"
}
2025-10-25 13:26:17.715 I GCd.exe[33140] GCd.cpp:779 ProcMessage | {
    "Section1": "Daemon",
    "Section2": "Information",
    "Section3": "Version",
    "To": "4DDM",
    "From": "GCd",
    "Action": "set",
    "Token": "1025_13261771450_l2a",
    "SendState": "response",
    "Version": {
        "GCd": {
            "version": "4.2.0.3",
            "date": "Aug 12 2024 - 13:47:54"
        }
    },
    "ResultCode": 1000,
    "ErrorMsg": ""
}
2025-10-25 13:30:10.611 D GCd.exe[33140] GCd.cpp:648 ProcMessage | {
    "Section1": "Daemon",
    "Section2": "Information",
    "Section3": "Version",
    "SendState": "request",
    "From": "4DDM",
    "To": "GCd",
    "Token": "1025_13301060816_zzf",
    "Action": "set",
    "DMPDIP": "10.82.104.100"
}
2025-10-25 13:30:10.611 I GCd.exe[33140] GCd.cpp:779 ProcMessage | {
    "Section1": "Daemon",
    "Section2": "Information",
    "Section3": "Version",
    "To": "4DDM",
    "From": "GCd",
    "Action": "set",
    "Token": "1025_13301060816_zzf",
    "SendState": "response",
    "Version": {
        "GCd": {
            "version": "4.2.0.3",
            "date": "Aug 12 2024 - 13:47:54"
        }
    },
    "ResultCode": 1000,
    "ErrorMsg": ""
}
2025-10-25 13:31:46.536 I GCd.exe[33140] DMServer.cpp:251 handle_clnt | Close Socket IP : 10.82.104.100, Type : GCd, SockNum : 348
2025-10-25 18:44:53.232 I GCd.exe[15872] main.cpp:43 main | Version : 4.2.0.3
2025-10-25 18:44:53.232 I GCd.exe[15872] main.cpp:44 main | v : Version check
2025-10-25 18:44:53.235 E GCd.exe[15872] main.cpp:50 main | 4.2.0.3 - Aug 12 2024 : 13:47:56
2025-10-25 18:45:19.457 I GCd.exe[15872] DMServer.cpp:150 RunSocket | Connected IP : 10.82.104.100
2025-10-25 18:45:19.462 I GCd.exe[15872] DMServer.cpp:153 RunSocket | Local IP Address : 10.82.104.100
2025-10-25 18:45:19.462 I GCd.exe[15872] DMServer.cpp:156 RunSocket | accept socket 320
2025-10-25 18:45:39.020 D GCd.exe[15872] GCd.cpp:648 ProcMessage | {
    "Section1": "Daemon",
    "Section2": "Information",
    "Section3": "Version",
    "SendState": "request",
    "From": "4DDM",
    "To": "GCd",
    "Token": "1025_18453901702_qvj",
    "Action": "set",
    "DMPDIP": "10.82.104.100"
}
2025-10-25 18:45:39.020 I GCd.exe[15872] GCd.cpp:779 ProcMessage | {
    "Section1": "Daemon",
    "Section2": "Information",
    "Section3": "Version",
    "To": "4DDM",
    "From": "GCd",
    "Action": "set",
    "Token": "1025_18453901702_qvj",
    "SendState": "response",
    "Version": {
        "GCd": {
            "version": "4.2.0.3",
            "date": "Aug 12 2024 - 13:47:54"
        }
    },
    "ResultCode": 1000,
    "ErrorMsg": ""
}
2025-10-25 18:47:22.835 I GCd.exe[15872] DMServer.cpp:251 handle_clnt | Close Socket IP : 10.82.104.100, Type : GCd, SockNum : 320
