2025-10-26 17:59:17.540 T CCd.exe[17460] main.cpp:68 main | 4DReplay CCd
2025-10-26 17:59:17.540 T CCd.exe[17460] main.cpp:69 main | Version : 4.3.0.8
2025-10-26 17:59:17.540 T CCd.exe[17460] main.cpp:70 main | Date : Dec 17 2024 - 17:59:29
2025-10-26 17:59:17.540 I CCd.exe[17460] main.cpp:43 PrintUse | 
 * [] : Optional
- use       : Usage
- ver       : Version
- list      : Camera List
- stat [I]  : Camera Status (I:Index)
- vfmt [I]  : Camera Video Format (I:Index)
- prop I    : Camera Properties (I:Index)
- con       : Connect
- dcon      : Disconnect
- sync      : Sync
- run T     : Record(Including Sync, T:WaitTime)
- stop      : Stop
- live      : Live
- reboot    : Reboot
- exit      : Exit

2025-10-26 18:52:56.715 T CCd.exe[29192] main.cpp:68 main | 4DReplay CCd
2025-10-26 18:52:56.715 T CCd.exe[29192] main.cpp:69 main | Version : 4.3.0.8
2025-10-26 18:52:56.715 T CCd.exe[29192] main.cpp:70 main | Date : Dec 17 2024 - 17:59:29
2025-10-26 18:52:56.716 I CCd.exe[29192] main.cpp:43 PrintUse | 
 * [] : Optional
- use       : Usage
- ver       : Version
- list      : Camera List
- stat [I]  : Camera Status (I:Index)
- vfmt [I]  : Camera Video Format (I:Index)
- prop I    : Camera Properties (I:Index)
- con       : Connect
- dcon      : Disconnect
- sync      : Sync
- run T     : Record(Including Sync, T:WaitTime)
- stop      : Stop
- live      : Live
- reboot    : Reboot
- exit      : Exit

2025-10-26 19:24:40.246 T CCd.exe[32324] main.cpp:68 main | 4DReplay CCd
2025-10-26 19:24:40.246 T CCd.exe[32324] main.cpp:69 main | Version : 4.3.0.8
2025-10-26 19:24:40.246 T CCd.exe[32324] main.cpp:70 main | Date : Dec 17 2024 - 17:59:29
2025-10-26 19:24:40.246 I CCd.exe[32324] main.cpp:43 PrintUse | 
 * [] : Optional
- use       : Usage
- ver       : Version
- list      : Camera List
- stat [I]  : Camera Status (I:Index)
- vfmt [I]  : Camera Video Format (I:Index)
- prop I    : Camera Properties (I:Index)
- con       : Connect
- dcon      : Disconnect
- sync      : Sync
- run T     : Record(Including Sync, T:WaitTime)
- stop      : Stop
- live      : Live
- reboot    : Reboot
- exit      : Exit

2025-10-26 22:12:10.520 T CCd.exe[12804] main.cpp:68 main | 4DReplay CCd
2025-10-26 22:12:10.520 T CCd.exe[12804] main.cpp:69 main | Version : 4.3.0.8
2025-10-26 22:12:10.520 T CCd.exe[12804] main.cpp:70 main | Date : Dec 17 2024 - 17:59:29
2025-10-26 22:12:10.520 I CCd.exe[12804] main.cpp:43 PrintUse | 
 * [] : Optional
- use       : Usage
- ver       : Version
- list      : Camera List
- stat [I]  : Camera Status (I:Index)
- vfmt [I]  : Camera Video Format (I:Index)
- prop I    : Camera Properties (I:Index)
- con       : Connect
- dcon      : Disconnect
- sync      : Sync
- run T     : Record(Including Sync, T:WaitTime)
- stop      : Stop
- live      : Live
- reboot    : Reboot
- exit      : Exit

2025-10-26 22:12:16.562 T CCd.exe[32276] main.cpp:68 main | 4DReplay CCd
2025-10-26 22:12:16.562 T CCd.exe[32276] main.cpp:69 main | Version : 4.3.0.8
2025-10-26 22:12:16.562 T CCd.exe[32276] main.cpp:70 main | Date : Dec 17 2024 - 17:59:29
2025-10-26 22:12:16.562 I CCd.exe[32276] main.cpp:43 PrintUse | 
 * [] : Optional
- use       : Usage
- ver       : Version
- list      : Camera List
- stat [I]  : Camera Status (I:Index)
- vfmt [I]  : Camera Video Format (I:Index)
- prop I    : Camera Properties (I:Index)
- con       : Connect
- dcon      : Disconnect
- sync      : Sync
- run T     : Record(Including Sync, T:WaitTime)
- stop      : Stop
- live      : Live
- reboot    : Reboot
- exit      : Exit

