2025-10-27 10:02:10.698 T CCd.exe[32724] main.cpp:68 main | 4DReplay CCd
2025-10-27 10:02:10.698 T CCd.exe[32724] main.cpp:69 main | Version : 4.3.0.8
2025-10-27 10:02:10.698 T CCd.exe[32724] main.cpp:70 main | Date : Dec 17 2024 - 17:59:29
2025-10-27 10:02:10.698 I CCd.exe[32724] main.cpp:43 PrintUse | 
 * [] : Optional
- use       : Usage
- ver       : Version
- list      : Camera List
- stat [I]  : Camera Status (I:Index)
- vfmt [I]  : Camera Video Format (I:Index)
- prop I    : Camera Properties (I:Index)
- con       : Connect
- dcon      : Disconnect
- sync      : Sync
- run T     : Record(Including Sync, T:WaitTime)
- stop      : Stop
- live      : Live
- reboot    : Reboot
- exit      : Exit

2025-10-27 10:07:26.555 T CCd.exe[31312] main.cpp:68 main | 4DReplay CCd
2025-10-27 10:07:26.555 T CCd.exe[31312] main.cpp:69 main | Version : 4.3.0.8
2025-10-27 10:07:26.555 T CCd.exe[31312] main.cpp:70 main | Date : Dec 17 2024 - 17:59:29
2025-10-27 10:07:26.555 I CCd.exe[31312] main.cpp:43 PrintUse | 
 * [] : Optional
- use       : Usage
- ver       : Version
- list      : Camera List
- stat [I]  : Camera Status (I:Index)
- vfmt [I]  : Camera Video Format (I:Index)
- prop I    : Camera Properties (I:Index)
- con       : Connect
- dcon      : Disconnect
- sync      : Sync
- run T     : Record(Including Sync, T:WaitTime)
- stop      : Stop
- live      : Live
- reboot    : Reboot
- exit      : Exit

2025-10-27 11:54:19.207 T CCd.exe[32948] main.cpp:68 main | 4DReplay CCd
2025-10-27 11:54:19.207 T CCd.exe[32948] main.cpp:69 main | Version : 4.3.0.8
2025-10-27 11:54:19.207 T CCd.exe[32948] main.cpp:70 main | Date : Dec 17 2024 - 17:59:29
2025-10-27 11:54:19.207 I CCd.exe[32948] main.cpp:43 PrintUse | 
 * [] : Optional
- use       : Usage
- ver       : Version
- list      : Camera List
- stat [I]  : Camera Status (I:Index)
- vfmt [I]  : Camera Video Format (I:Index)
- prop I    : Camera Properties (I:Index)
- con       : Connect
- dcon      : Disconnect
- sync      : Sync
- run T     : Record(Including Sync, T:WaitTime)
- stop      : Stop
- live      : Live
- reboot    : Reboot
- exit      : Exit

2025-10-27 11:54:23.161 T CCd.exe[34216] main.cpp:68 main | 4DReplay CCd
2025-10-27 11:54:23.161 T CCd.exe[34216] main.cpp:69 main | Version : 4.3.0.8
2025-10-27 11:54:23.161 T CCd.exe[34216] main.cpp:70 main | Date : Dec 17 2024 - 17:59:29
2025-10-27 11:54:23.161 I CCd.exe[34216] main.cpp:43 PrintUse | 
 * [] : Optional
- use       : Usage
- ver       : Version
- list      : Camera List
- stat [I]  : Camera Status (I:Index)
- vfmt [I]  : Camera Video Format (I:Index)
- prop I    : Camera Properties (I:Index)
- con       : Connect
- dcon      : Disconnect
- sync      : Sync
- run T     : Record(Including Sync, T:WaitTime)
- stop      : Stop
- live      : Live
- reboot    : Reboot
- exit      : Exit

2025-10-27 11:54:41.496 T CCd.exe[34768] main.cpp:68 main | 4DReplay CCd
2025-10-27 11:54:41.496 T CCd.exe[34768] main.cpp:69 main | Version : 4.3.0.8
2025-10-27 11:54:41.496 T CCd.exe[34768] main.cpp:70 main | Date : Dec 17 2024 - 17:59:29
2025-10-27 11:54:41.496 I CCd.exe[34768] main.cpp:43 PrintUse | 
 * [] : Optional
- use       : Usage
- ver       : Version
- list      : Camera List
- stat [I]  : Camera Status (I:Index)
- vfmt [I]  : Camera Video Format (I:Index)
- prop I    : Camera Properties (I:Index)
- con       : Connect
- dcon      : Disconnect
- sync      : Sync
- run T     : Record(Including Sync, T:WaitTime)
- stop      : Stop
- live      : Live
- reboot    : Reboot
- exit      : Exit

2025-10-27 11:56:29.212 T CCd.exe[33292] main.cpp:68 main | 4DReplay CCd
2025-10-27 11:56:29.212 T CCd.exe[33292] main.cpp:69 main | Version : 4.3.0.8
2025-10-27 11:56:29.212 T CCd.exe[33292] main.cpp:70 main | Date : Dec 17 2024 - 17:59:29
2025-10-27 11:56:29.212 I CCd.exe[33292] main.cpp:43 PrintUse | 
 * [] : Optional
- use       : Usage
- ver       : Version
- list      : Camera List
- stat [I]  : Camera Status (I:Index)
- vfmt [I]  : Camera Video Format (I:Index)
- prop I    : Camera Properties (I:Index)
- con       : Connect
- dcon      : Disconnect
- sync      : Sync
- run T     : Record(Including Sync, T:WaitTime)
- stop      : Stop
- live      : Live
- reboot    : Reboot
- exit      : Exit

2025-10-27 11:59:11.627 T CCd.exe[26292] main.cpp:68 main | 4DReplay CCd
2025-10-27 11:59:11.627 T CCd.exe[26292] main.cpp:69 main | Version : 4.3.0.8
2025-10-27 11:59:11.627 T CCd.exe[26292] main.cpp:70 main | Date : Dec 17 2024 - 17:59:29
2025-10-27 11:59:11.627 I CCd.exe[26292] main.cpp:43 PrintUse | 
 * [] : Optional
- use       : Usage
- ver       : Version
- list      : Camera List
- stat [I]  : Camera Status (I:Index)
- vfmt [I]  : Camera Video Format (I:Index)
- prop I    : Camera Properties (I:Index)
- con       : Connect
- dcon      : Disconnect
- sync      : Sync
- run T     : Record(Including Sync, T:WaitTime)
- stop      : Stop
- live      : Live
- reboot    : Reboot
- exit      : Exit

